<?xml version="1.0" encoding="UTF-8" ?>
<testsuite tests="4" failures="0" name="cl.unab.portafolio.repositorioDAO.ExperienciaDAOTest" time="0.891" errors="0" skipped="0">
  <properties>
[...]
</properties>
  <testcase classname="cl.unab.portafolio.repositorioDAO.ExperienciaDAOTest" name="testInsertarExperiencia" time="0.017"/>
  <testcase classname="cl.unab.portafolio.repositorioDAO.ExperienciaDAOTest" name="testObtenerExperiencia" time="0.864"/>
  <testcase classname="cl.unab.portafolio.repositorioDAO.ExperienciaDAOTest" name="testActualizarExperiencia" time="0"/>
  <testcase classname="cl.unab.portafolio.repositorioDAO.ExperienciaDAOTest" name="testEliminarExperiencia" time="0.01"/>
</testsuite>